# JRE version: OpenJDK Runtime Environment Temurin-21.0.10+7 (21.0.10+7) (build 21.0.10+7-LTS)
# Java VM: OpenJDK 64-Bit Server VM Temurin-21.0.10+7 (21.0.10+7-LTS, mixed mode, sharing, tiered, compressed oops, compressed class ptrs, parallel gc, windows-amd64)
GC Precious Log:
 CardTable entry size: 512
 CPUs: 2 total, 2 available
 Memory: 3911M
 Large Page Support: Disabled
 NUMA Support: Disabled
 Compressed Oops: Enabled (32-bit)
 Alignments: Space 512K, Generation 512K, Heap 2M
 Heap Min Capacity: 100M
 Heap Initial Capacity: 100M
 Heap Max Capacity: 2G
 Pre-touch: Disabled
 Parallel Workers: 2
Heap:
 PSYoungGen      total 5120K, used 1606K [0x00000000d5580000, 0x00000000d5d00000, 0x0000000100000000)
  eden space 4096K, 33% used [0x00000000d5580000,0x00000000d56d97f8,0x00000000d5980000)
  from space 1024K, 21% used [0x00000000d5b00000,0x00000000d5b38020,0x00000000d5c00000)
  to   space 512K, 0% used [0x00000000d5c80000,0x00000000d5c80000,0x00000000d5d00000)
 ParOldGen       total 471040K, used 470577K [0x0000000080000000, 0x000000009cc00000, 0x00000000d5580000)
  object space 471040K, 99% used [0x0000000080000000,0x000000009cb8c708,0x000000009cc00000)
 Metaspace       used 73007K, committed 74432K, reserved 1179648K
  class space    used 7861K, committed 8512K, reserved 1048576K
GC Heap History (20 events):
Event: 169.786 GC heap before
{Heap before GC invocations=327 (full 3):
 PSYoungGen      total 2048K, used 2029K [0x00000000d5580000, 0x00000000d5b00000, 0x0000000100000000)
  eden space 1024K, 100% used [0x00000000d5580000,0x00000000d5680000,0x00000000d5680000)
  from space 1024K, 98% used [0x00000000d5680000,0x00000000d577b7e0,0x00000000d5780000)
  to   space 2048K, 0% used [0x00000000d5900000,0x00000000d5900000,0x00000000d5b00000)
 ParOldGen       total 461312K, used 461258K [0x0000000080000000, 0x000000009c280000, 0x00000000d5580000)
  object space 461312K, 99% used [0x0000000080000000,0x000000009c272848,0x000000009c280000)
 Metaspace       used 72623K, committed 74048K, reserved 1179648K
  class space    used 7833K, committed 8448K, reserved 1048576K
}
Event: 169.790 GC heap after
{Heap after GC invocations=327 (full 3):
 PSYoungGen      total 2560K, used 1024K [0x00000000d5580000, 0x00000000d5a00000, 0x0000000100000000)
  eden space 1536K, 0% used [0x00000000d5580000,0x00000000d5580000,0x00000000d5700000)
  from space 1024K, 100% used [0x00000000d5900000,0x00000000d5a00000,0x00000000d5a00000)
  to   space 1536K, 0% used [0x00000000d5700000,0x00000000d5700000,0x00000000d5880000)
 ParOldGen       total 462336K, used 462272K [0x0000000080000000, 0x000000009c380000, 0x00000000d5580000)
  object space 462336K, 99% used [0x0000000080000000,0x000000009c370028,0x000000009c380000)
 Metaspace       used 72623K, committed 74048K, reserved 1179648K
  class space    used 7833K, committed 8448K, reserved 1048576K
}
Event: 169.795 GC heap before
{Heap before GC invocations=328 (full 3):
 PSYoungGen      total 2560K, used 2560K [0x00000000d5580000, 0x00000000d5a00000, 0x0000000100000000)
  eden space 1536K, 100% used [0x00000000d5580000,0x00000000d5700000,0x00000000d5700000)
  from space 1024K, 100% used [0x00000000d5900000,0x00000000d5a00000,0x00000000d5a00000)
  to   space 1536K, 0% used [0x00000000d5700000,0x00000000d5700000,0x00000000d5880000)
 ParOldGen       total 462336K, used 462272K [0x0000000080000000, 0x000000009c380000, 0x00000000d5580000)
  object space 462336K, 99% used [0x0000000080000000,0x000000009c370028,0x000000009c380000)
 Metaspace       used 72623K, committed 74048K, reserved 1179648K
  class space    used 7833K, committed 8448K, reserved 1048576K
}
Event: 169.800 GC heap after
{Heap after GC invocations=328 (full 3):
 PSYoungGen      total 3072K, used 1536K [0x00000000d5580000, 0x00000000d5b80000, 0x0000000100000000)
  eden space 1536K, 0% used [0x00000000d5580000,0x00000000d5580000,0x00000000d5700000)
  from space 1536K, 100% used [0x00000000d5700000,0x00000000d5880000,0x00000000d5880000)
  to   space 2048K, 0% used [0x00000000d5980000,0x00000000d5980000,0x00000000d5b80000)
 ParOldGen       total 463360K, used 463272K [0x0000000080000000, 0x000000009c480000, 0x00000000d5580000)
  object space 463360K, 99% used [0x0000000080000000,0x000000009c46a028,0x000000009c480000)
 Metaspace       used 72623K, committed 74048K, reserved 1179648K
  class space    used 7833K, committed 8448K, reserved 1048576K
}
Event: 169.908 GC heap before
{Heap before GC invocations=329 (full 3):
 PSYoungGen      total 3072K, used 3072K [0x00000000d5580000, 0x00000000d5b80000, 0x0000000100000000)
  eden space 1536K, 100% used [0x00000000d5580000,0x00000000d5700000,0x00000000d5700000)
  from space 1536K, 100% used [0x00000000d5700000,0x00000000d5880000,0x00000000d5880000)
  to   space 2048K, 0% used [0x00000000d5980000,0x00000000d5980000,0x00000000d5b80000)
 ParOldGen       total 463360K, used 463272K [0x0000000080000000, 0x000000009c480000, 0x00000000d5580000)
  object space 463360K, 99% used [0x0000000080000000,0x000000009c46a028,0x000000009c480000)
 Metaspace       used 72625K, committed 74048K, reserved 1179648K
  class space    used 7833K, committed 8448K, reserved 1048576K
}
Event: 169.912 GC heap after
{Heap after GC invocations=329 (full 3):
 PSYoungGen      total 3072K, used 640K [0x00000000d5580000, 0x00000000d5a80000, 0x0000000100000000)
  eden space 2048K, 0% used [0x00000000d5580000,0x00000000d5580000,0x00000000d5780000)
  from space 1024K, 62% used [0x00000000d5980000,0x00000000d5a20020,0x00000000d5a80000)
  to   space 1024K, 0% used [0x00000000d5880000,0x00000000d5880000,0x00000000d5980000)
 ParOldGen       total 464896K, used 464792K [0x0000000080000000, 0x000000009c600000, 0x00000000d5580000)
  object space 464896K, 99% used [0x0000000080000000,0x000000009c5e6028,0x000000009c600000)
 Metaspace       used 72625K, committed 74048K, reserved 1179648K
  class space    used 7833K, committed 8448K, reserved 1048576K
}
Event: 169.935 GC heap before
{Heap before GC invocations=330 (full 3):
 PSYoungGen      total 3072K, used 2688K [0x00000000d5580000, 0x00000000d5a80000, 0x0000000100000000)
  eden space 2048K, 100% used [0x00000000d5580000,0x00000000d5780000,0x00000000d5780000)
  from space 1024K, 62% used [0x00000000d5980000,0x00000000d5a20020,0x00000000d5a80000)
  to   space 1024K, 0% used [0x00000000d5880000,0x00000000d5880000,0x00000000d5980000)
 ParOldGen       total 464896K, used 464792K [0x0000000080000000, 0x000000009c600000, 0x00000000d5580000)
  object space 464896K, 99% used [0x0000000080000000,0x000000009c5e6028,0x000000009c600000)
 Metaspace       used 72647K, committed 74048K, reserved 1179648K
  class space    used 7833K, committed 8448K, reserved 1048576K
}
Event: 169.941 GC heap after
{Heap after GC invocations=330 (full 3):
 PSYoungGen      total 3584K, used 1005K [0x00000000d5580000, 0x00000000d5e00000, 0x0000000100000000)
  eden space 2560K, 0% used [0x00000000d5580000,0x00000000d5580000,0x00000000d5800000)
  from space 1024K, 98% used [0x00000000d5880000,0x00000000d597b7e0,0x00000000d5980000)
  to   space 3072K, 0% used [0x00000000d5b00000,0x00000000d5b00000,0x00000000d5e00000)
 ParOldGen       total 466432K, used 466125K [0x0000000080000000, 0x000000009c780000, 0x00000000d5580000)
  object space 466432K, 99% used [0x0000000080000000,0x000000009c7334c8,0x000000009c780000)
 Metaspace       used 72647K, committed 74048K, reserved 1179648K
  class space    used 7833K, committed 8448K, reserved 1048576K
}
Event: 169.951 GC heap before
{Heap before GC invocations=331 (full 3):
 PSYoungGen      total 3584K, used 3565K [0x00000000d5580000, 0x00000000d5e00000, 0x0000000100000000)
  eden space 2560K, 100% used [0x00000000d5580000,0x00000000d5800000,0x00000000d5800000)
  from space 1024K, 98% used [0x00000000d5880000,0x00000000d597b7e0,0x00000000d5980000)
  to   space 3072K, 0% used [0x00000000d5b00000,0x00000000d5b00000,0x00000000d5e00000)
 ParOldGen       total 466432K, used 466125K [0x0000000080000000, 0x000000009c780000, 0x00000000d5580000)
  object space 466432K, 99% used [0x0000000080000000,0x000000009c7334c8,0x000000009c780000)
 Metaspace       used 72647K, committed 74048K, reserved 1179648K
  class space    used 7833K, committed 8448K, reserved 1048576K
}
Event: 169.954 GC heap after
{Heap after GC invocations=331 (full 3):
 PSYoungGen      total 3584K, used 461K [0x00000000d5580000, 0x00000000d5b80000, 0x0000000100000000)
  eden space 3072K, 0% used [0x00000000d5580000,0x00000000d5580000,0x00000000d5880000)
  from space 512K, 90% used [0x00000000d5b00000,0x00000000d5b737e0,0x00000000d5b80000)
  to   space 1536K, 0% used [0x00000000d5880000,0x00000000d5880000,0x00000000d5a00000)
 ParOldGen       total 466432K, used 466269K [0x0000000080000000, 0x000000009c780000, 0x00000000d5580000)
  object space 466432K, 99% used [0x0000000080000000,0x000000009c7574c8,0x000000009c780000)
 Metaspace       used 72647K, committed 74048K, reserved 1179648K
  class space    used 7833K, committed 8448K, reserved 1048576K
}
Event: 169.964 GC heap before
{Heap before GC invocations=332 (full 3):
 PSYoungGen      total 3584K, used 3533K [0x00000000d5580000, 0x00000000d5b80000, 0x0000000100000000)
  eden space 3072K, 100% used [0x00000000d5580000,0x00000000d5880000,0x00000000d5880000)
  from space 512K, 90% used [0x00000000d5b00000,0x00000000d5b737e0,0x00000000d5b80000)
  to   space 1536K, 0% used [0x00000000d5880000,0x00000000d5880000,0x00000000d5a00000)
 ParOldGen       total 466432K, used 466269K [0x0000000080000000, 0x000000009c780000, 0x00000000d5580000)
  object space 466432K, 99% used [0x0000000080000000,0x000000009c7574c8,0x000000009c780000)
 Metaspace       used 72647K, committed 74048K, reserved 1179648K
  class space    used 7833K, committed 8448K, reserved 1048576K
}
Event: 169.970 GC heap after
{Heap after GC invocations=332 (full 3):
 PSYoungGen      total 4608K, used 1536K [0x00000000d5580000, 0x00000000d6180000, 0x0000000100000000)
  eden space 3072K, 0% used [0x00000000d5580000,0x00000000d5580000,0x00000000d5880000)
  from space 1536K, 100% used [0x00000000d5880000,0x00000000d5a00000,0x00000000d5a00000)
  to   space 4096K, 0% used [0x00000000d5d80000,0x00000000d5d80000,0x00000000d6180000)
 ParOldGen       total 468480K, used 468219K [0x0000000080000000, 0x000000009c980000, 0x00000000d5580000)
  object space 468480K, 99% used [0x0000000080000000,0x000000009c93eca8,0x000000009c980000)
 Metaspace       used 72647K, committed 74048K, reserved 1179648K
  class space    used 7833K, committed 8448K, reserved 1048576K
}
Event: 170.841 GC heap before
{Heap before GC invocations=333 (full 3):
 PSYoungGen      total 4608K, used 4608K [0x00000000d5580000, 0x00000000d6180000, 0x0000000100000000)
  eden space 3072K, 100% used [0x00000000d5580000,0x00000000d5880000,0x00000000d5880000)
  from space 1536K, 100% used [0x00000000d5880000,0x00000000d5a00000,0x00000000d5a00000)
  to   space 4096K, 0% used [0x00000000d5d80000,0x00000000d5d80000,0x00000000d6180000)
 ParOldGen       total 468480K, used 468219K [0x0000000080000000, 0x000000009c980000, 0x00000000d5580000)
  object space 468480K, 99% used [0x0000000080000000,0x000000009c93eca8,0x000000009c980000)
 Metaspace       used 72662K, committed 74048K, reserved 1179648K
  class space    used 7833K, committed 8448K, reserved 1048576K
}
Event: 170.849 GC heap after
{Heap after GC invocations=333 (full 3):
 PSYoungGen      total 6144K, used 1934K [0x00000000d5580000, 0x00000000d5f80000, 0x0000000100000000)
  eden space 4096K, 0% used [0x00000000d5580000,0x00000000d5580000,0x00000000d5980000)
  from space 2048K, 94% used [0x00000000d5d80000,0x00000000d5f63800,0x00000000d5f80000)
  to   space 2560K, 0% used [0x00000000d5a80000,0x00000000d5a80000,0x00000000d5d00000)
 ParOldGen       total 470016K, used 469771K [0x0000000080000000, 0x000000009cb00000, 0x00000000d5580000)
  object space 470016K, 99% used [0x0000000080000000,0x000000009cac2ca8,0x000000009cb00000)
 Metaspace       used 72662K, committed 74048K, reserved 1179648K
  class space    used 7833K, committed 8448K, reserved 1048576K
}
Event: 170.874 GC heap before
{Heap before GC invocations=334 (full 3):
 PSYoungGen      total 6144K, used 6030K [0x00000000d5580000, 0x00000000d5f80000, 0x0000000100000000)
  eden space 4096K, 100% used [0x00000000d5580000,0x00000000d5980000,0x00000000d5980000)
  from space 2048K, 94% used [0x00000000d5d80000,0x00000000d5f63800,0x00000000d5f80000)
  to   space 2560K, 0% used [0x00000000d5a80000,0x00000000d5a80000,0x00000000d5d00000)
 ParOldGen       total 470016K, used 469771K [0x0000000080000000, 0x000000009cb00000, 0x00000000d5580000)
  object space 470016K, 99% used [0x0000000080000000,0x000000009cac2ca8,0x000000009cb00000)
 Metaspace       used 72663K, committed 74048K, reserved 1179648K
  class space    used 7833K, committed 8448K, reserved 1048576K
}
Event: 170.879 GC heap after
{Heap after GC invocations=334 (full 3):
 PSYoungGen      total 6144K, used 1549K [0x00000000d5580000, 0x00000000d5e00000, 0x0000000100000000)
  eden space 4096K, 0% used [0x00000000d5580000,0x00000000d5580000,0x00000000d5980000)
  from space 2048K, 75% used [0x00000000d5a80000,0x00000000d5c037e0,0x00000000d5c80000)
  to   space 1536K, 0% used [0x00000000d5c80000,0x00000000d5c80000,0x00000000d5e00000)
 ParOldGen       total 471040K, used 470553K [0x0000000080000000, 0x000000009cc00000, 0x00000000d5580000)
  object space 471040K, 99% used [0x0000000080000000,0x000000009cb86708,0x000000009cc00000)
 Metaspace       used 72663K, committed 74048K, reserved 1179648K
  class space    used 7833K, committed 8448K, reserved 1048576K
}
Event: 171.938 GC heap before
{Heap before GC invocations=335 (full 3):
 PSYoungGen      total 6144K, used 5645K [0x00000000d5580000, 0x00000000d5e00000, 0x0000000100000000)
  eden space 4096K, 100% used [0x00000000d5580000,0x00000000d5980000,0x00000000d5980000)
  from space 2048K, 75% used [0x00000000d5a80000,0x00000000d5c037e0,0x00000000d5c80000)
  to   space 1536K, 0% used [0x00000000d5c80000,0x00000000d5c80000,0x00000000d5e00000)
 ParOldGen       total 471040K, used 470553K [0x0000000080000000, 0x000000009cc00000, 0x00000000d5580000)
  object space 471040K, 99% used [0x0000000080000000,0x000000009cb86708,0x000000009cc00000)
 Metaspace       used 72675K, committed 74048K, reserved 1179648K
  class space    used 7833K, committed 8448K, reserved 1048576K
}
Event: 171.940 GC heap after
{Heap after GC invocations=335 (full 3):
 PSYoungGen      total 4608K, used 256K [0x00000000d5580000, 0x00000000d5d00000, 0x0000000100000000)
  eden space 4096K, 0% used [0x00000000d5580000,0x00000000d5580000,0x00000000d5980000)
  from space 512K, 50% used [0x00000000d5c80000,0x00000000d5cc0020,0x00000000d5d00000)
  to   space 1024K, 0% used [0x00000000d5b00000,0x00000000d5b00000,0x00000000d5c00000)
 ParOldGen       total 471040K, used 470561K [0x0000000080000000, 0x000000009cc00000, 0x00000000d5580000)
  object space 471040K, 99% used [0x0000000080000000,0x000000009cb88708,0x000000009cc00000)
 Metaspace       used 72675K, committed 74048K, reserved 1179648K
  class space    used 7833K, committed 8448K, reserved 1048576K
}
Event: 210.441 GC heap before
{Heap before GC invocations=336 (full 3):
 PSYoungGen      total 4608K, used 4352K [0x00000000d5580000, 0x00000000d5d00000, 0x0000000100000000)
  eden space 4096K, 100% used [0x00000000d5580000,0x00000000d5980000,0x00000000d5980000)
  from space 512K, 50% used [0x00000000d5c80000,0x00000000d5cc0020,0x00000000d5d00000)
  to   space 1024K, 0% used [0x00000000d5b00000,0x00000000d5b00000,0x00000000d5c00000)
 ParOldGen       total 471040K, used 470561K [0x0000000080000000, 0x000000009cc00000, 0x00000000d5580000)
  object space 471040K, 99% used [0x0000000080000000,0x000000009cb88708,0x000000009cc00000)
 Metaspace       used 72940K, committed 74432K, reserved 1179648K
  class space    used 7857K, committed 8512K, reserved 1048576K
}
Event: 210.444 GC heap after
{Heap after GC invocations=336 (full 3):
 PSYoungGen      total 5120K, used 224K [0x00000000d5580000, 0x00000000d5d00000, 0x0000000100000000)
  eden space 4096K, 0% used [0x00000000d5580000,0x00000000d5580000,0x00000000d5980000)
  from space 1024K, 21% used [0x00000000d5b00000,0x00000000d5b38020,0x00000000d5c00000)
  to   space 512K, 0% used [0x00000000d5c80000,0x00000000d5c80000,0x00000000d5d00000)
 ParOldGen       total 471040K, used 470577K [0x0000000080000000, 0x000000009cc00000, 0x00000000d5580000)
  object space 471040K, 99% used [0x0000000080000000,0x000000009cb8c708,0x000000009cc00000)
 Metaspace       used 72940K, committed 74432K, reserved 1179648K
  class space    used 7857K, committed 8512K, reserved 1048576K
}

